Arguments: 
  /usr/local/bin/node /usr/local/bin/yarn add @openzeppelin

PATH: 
  /Users/yepeng/go/bin/darwin_amd64:/Users/yepeng/go/bin:/usr/local/opt/ruby/bin:/Users/yepeng/opt/flutter/bin:/Users/yepeng/opt/anaconda3/bin:/Users/yepeng/bin:/usr/local/bin:/opt/homebrew/bin:/opt/homebrew/sbin:/usr/local/bin:/System/Cryptexes/App/usr/bin:/usr/bin:/bin:/usr/sbin:/sbin:/usr/local/go/bin:/usr/local/share/dotnet:~/.dotnet/tools:/Library/Apple/usr/bin:/Library/Frameworks/Mono.framework/Versions/Current/Commands:/Users/yepeng/miniconda3/bin:/Users/yepeng/miniconda3/condabin:/Users/yepeng/go/bin/darwin_amd64:/Users/yepeng/go/bin:/usr/local/opt/ruby/bin:/Users/yepeng/opt/flutter/bin:/Users/yepeng/opt/anaconda3/bin:/Users/yepeng/bin:/opt/homebrew/bin:/opt/homebrew/sbin:/Users/yepeng/.cargo/bin:/Users/yepeng/Library/Application Support/JetBrains/Toolbox/scripts:/Users/yepeng/Library/Application Support/JetBrains/Toolbox/scripts

Yarn version: 
  1.22.19

Node version: 
  18.12.1

Platform: 
  darwin arm64

Trace: 
  Error: https://registry.yarnpkg.com/@openzeppelin: Request "https://registry.yarnpkg.com/@openzeppelin" returned a 405
      at params.callback [as _callback] (/usr/local/lib/node_modules/yarn/lib/cli.js:66154:18)
      at self.callback (/usr/local/lib/node_modules/yarn/lib/cli.js:140890:22)
      at Request.emit (node:events:513:28)
      at Request.<anonymous> (/usr/local/lib/node_modules/yarn/lib/cli.js:141862:10)
      at Request.emit (node:events:513:28)
      at IncomingMessage.<anonymous> (/usr/local/lib/node_modules/yarn/lib/cli.js:141784:12)
      at Object.onceWrapper (node:events:627:28)
      at IncomingMessage.emit (node:events:525:35)
      at endReadableNT (node:internal/streams/readable:1359:12)
      at process.processTicksAndRejections (node:internal/process/task_queues:82:21)

npm manifest: 
  {
    "name": "hardhat-project",
    "devDependencies": {
      "@nomicfoundation/hardhat-toolbox": "^2.0.2",
      "hardhat": "^2.13.0"
    }
  }

yarn manifest: 
  No manifest

Lockfile: 
  No lockfile
